2019-12-24 11:49:53,649 INFO  [main] Test started
2019-12-24 11:49:59,357 INFO  [main] Started test.
2019-12-24 11:49:59,368 INFO  [main] Page object created
2019-12-24 11:50:15,203 INFO  [main] Opening search page
2019-12-24 11:50:15,959 INFO  [main] Search fields filled
2019-12-24 11:50:16,141 INFO  [main] Going to main page
2019-12-24 11:50:16,142 INFO  [main] Page object created
2019-12-24 11:50:22,512 INFO  [main] Hotels list found
2019-12-24 11:50:22,587 INFO  [main] Hotel chosen correctly
2019-12-24 11:50:23,073 INFO  [main] Going to hotel page
2019-12-24 11:50:23,074 INFO  [main] Page object created
2019-12-24 11:50:26,562 INFO  [main] Got rooms list
2019-12-24 11:50:26,565 INFO  [main] Hotel page opened
2019-12-24 11:50:29,151 INFO  [main] Got rooms list
2019-12-24 11:50:29,152 INFO  [main] Hotel page opened
2019-12-24 11:50:29,376 INFO  [main] Got button for chosen room
2019-12-24 11:50:29,885 INFO  [main] Going to room booking page
2019-12-24 11:50:29,886 INFO  [main] Page object created
2019-12-24 11:50:34,957 INFO  [main] Guests personal data filled
2019-12-24 11:50:35,576 INFO  [main] Test finished
